# JRE version: OpenJDK Runtime Environment (8.0_202-b03) (build 1.8.0_202-release-1483-b03)
# Java VM: OpenJDK 64-Bit Server VM (25.202-b03 mixed mode windows-amd64 compressed oops)
Heap:
 PSYoungGen      total 214528K, used 129052K [0x00000000e0000000, 0x00000000f0c00000, 0x0000000100000000)
  eden space 180224K, 59% used [0x00000000e0000000,0x00000000e680a0e0,0x00000000eb000000)
  from space 34304K, 65% used [0x00000000eb000000,0x00000000ec5fcf28,0x00000000ed180000)
  to   space 32256K, 0% used [0x00000000eec80000,0x00000000eec80000,0x00000000f0c00000)
 ParOldGen       total 403456K, used 44684K [0x00000000a0000000, 0x00000000b8a00000, 0x00000000e0000000)
  object space 403456K, 11% used [0x00000000a0000000,0x00000000a2ba3168,0x00000000b8a00000)
 Metaspace       used 98147K, capacity 101834K, committed 103296K, reserved 1138688K
  class space    used 12383K, capacity 13107K, committed 13440K, reserved 1048576K
GC Heap History (10 events):
Event: 5604.913 GC heap before
{Heap before GC invocations=25 (full 4):
 PSYoungGen      total 188416K, used 178375K [0x00000000e0000000, 0x00000000ee700000, 0x0000000100000000)
  eden space 153600K, 100% used [0x00000000e0000000,0x00000000e9600000,0x00000000e9600000)
  from space 34816K, 71% used [0x00000000eb880000,0x00000000ed0b1fb8,0x00000000eda80000)
  to   space 35328K, 0% used [0x00000000e9600000,0x00000000e9600000,0x00000000eb880000)
 ParOldGen       total 403456K, used 44652K [0x00000000a0000000, 0x00000000b8a00000, 0x00000000e0000000)
  object space 403456K, 11% used [0x00000000a0000000,0x00000000a2b9b168,0x00000000b8a00000)
 Metaspace       used 96708K, capacity 100234K, committed 101888K, reserved 1138688K
  class space    used 12262K, capacity 12961K, committed 13312K, reserved 1048576K
Event: 5604.926 GC heap after
Heap after GC invocations=25 (full 4):
 PSYoungGen      total 188928K, used 22089K [0x00000000e0000000, 0x00000000ef300000, 0x0000000100000000)
  eden space 153600K, 0% used [0x00000000e0000000,0x00000000e0000000,0x00000000e9600000)
  from space 35328K, 62% used [0x00000000e9600000,0x00000000eab92488,0x00000000eb880000)
  to   space 34304K, 0% used [0x00000000ed180000,0x00000000ed180000,0x00000000ef300000)
 ParOldGen       total 403456K, used 44660K [0x00000000a0000000, 0x00000000b8a00000, 0x00000000e0000000)
  object space 403456K, 11% used [0x00000000a0000000,0x00000000a2b9d168,0x00000000b8a00000)
 Metaspace       used 96708K, capacity 100234K, committed 101888K, reserved 1138688K
  class space    used 12262K, capacity 12961K, committed 13312K, reserved 1048576K
}
Event: 5605.418 GC heap before
{Heap before GC invocations=26 (full 4):
 PSYoungGen      total 188928K, used 175689K [0x00000000e0000000, 0x00000000ef300000, 0x0000000100000000)
  eden space 153600K, 100% used [0x00000000e0000000,0x00000000e9600000,0x00000000e9600000)
  from space 35328K, 62% used [0x00000000e9600000,0x00000000eab92488,0x00000000eb880000)
  to   space 34304K, 0% used [0x00000000ed180000,0x00000000ed180000,0x00000000ef300000)
 ParOldGen       total 403456K, used 44660K [0x00000000a0000000, 0x00000000b8a00000, 0x00000000e0000000)
  object space 403456K, 11% used [0x00000000a0000000,0x00000000a2b9d168,0x00000000b8a00000)
 Metaspace       used 97284K, capacity 100898K, committed 102528K, reserved 1138688K
  class space    used 12305K, capacity 13013K, committed 13440K, reserved 1048576K
Event: 5605.442 GC heap after
Heap after GC invocations=26 (full 4):
 PSYoungGen      total 214528K, used 24065K [0x00000000e0000000, 0x00000000ef900000, 0x0000000100000000)
  eden space 180224K, 0% used [0x00000000e0000000,0x00000000e0000000,0x00000000eb000000)
  from space 34304K, 70% used [0x00000000ed180000,0x00000000ee900700,0x00000000ef300000)
  to   space 34304K, 0% used [0x00000000eb000000,0x00000000eb000000,0x00000000ed180000)
 ParOldGen       total 403456K, used 44668K [0x00000000a0000000, 0x00000000b8a00000, 0x00000000e0000000)
  object space 403456K, 11% used [0x00000000a0000000,0x00000000a2b9f168,0x00000000b8a00000)
 Metaspace       used 97284K, capacity 100898K, committed 102528K, reserved 1138688K
  class space    used 12305K, capacity 13013K, committed 13440K, reserved 1048576K
}
Event: 5605.935 GC heap before
{Heap before GC invocations=27 (full 4):
 PSYoungGen      total 214528K, used 204289K [0x00000000e0000000, 0x00000000ef900000, 0x0000000100000000)
  eden space 180224K, 100% used [0x00000000e0000000,0x00000000eb000000,0x00000000eb000000)
  from space 34304K, 70% used [0x00000000ed180000,0x00000000ee900700,0x00000000ef300000)
  to   space 34304K, 0% used [0x00000000eb000000,0x00000000eb000000,0x00000000ed180000)
 ParOldGen       total 403456K, used 44668K [0x00000000a0000000, 0x00000000b8a00000, 0x00000000e0000000)
  object space 403456K, 11% used [0x00000000a0000000,0x00000000a2b9f168,0x00000000b8a00000)
 Metaspace       used 97849K, capacity 101556K, committed 103040K, reserved 1138688K
  class space    used 12362K, capacity 13070K, committed 13440K, reserved 1048576K
Event: 5605.946 GC heap after
Heap after GC invocations=27 (full 4):
 PSYoungGen      total 214528K, used 23129K [0x00000000e0000000, 0x00000000ef900000, 0x0000000100000000)
  eden space 180224K, 0% used [0x00000000e0000000,0x00000000e0000000,0x00000000eb000000)
  from space 34304K, 67% used [0x00000000eb000000,0x00000000ec696700,0x00000000ed180000)
  to   space 34304K, 0% used [0x00000000ed180000,0x00000000ed180000,0x00000000ef300000)
 ParOldGen       total 403456K, used 44676K [0x00000000a0000000, 0x00000000b8a00000, 0x00000000e0000000)
  object space 403456K, 11% used [0x00000000a0000000,0x00000000a2ba1168,0x00000000b8a00000)
 Metaspace       used 97849K, capacity 101556K, committed 103040K, reserved 1138688K
  class space    used 12362K, capacity 13070K, committed 13440K, reserved 1048576K
}
Event: 5606.389 GC heap before
{Heap before GC invocations=28 (full 4):
 PSYoungGen      total 214528K, used 203353K [0x00000000e0000000, 0x00000000ef900000, 0x0000000100000000)
  eden space 180224K, 100% used [0x00000000e0000000,0x00000000eb000000,0x00000000eb000000)
  from space 34304K, 67% used [0x00000000eb000000,0x00000000ec696700,0x00000000ed180000)
  to   space 34304K, 0% used [0x00000000ed180000,0x00000000ed180000,0x00000000ef300000)
 ParOldGen       total 403456K, used 44676K [0x00000000a0000000, 0x00000000b8a00000, 0x00000000e0000000)
  object space 403456K, 11% used [0x00000000a0000000,0x00000000a2ba1168,0x00000000b8a00000)
 Metaspace       used 97961K, capacity 101644K, committed 103296K, reserved 1138688K
  class space    used 12376K, capacity 13072K, committed 13440K, reserved 1048576K
Event: 5606.401 GC heap after
Heap after GC invocations=28 (full 4):
 PSYoungGen      total 214528K, used 21224K [0x00000000e0000000, 0x00000000ef900000, 0x0000000100000000)
  eden space 180224K, 0% used [0x00000000e0000000,0x00000000e0000000,0x00000000eb000000)
  from space 34304K, 61% used [0x00000000ed180000,0x00000000ee63a280,0x00000000ef300000)
  to   space 34304K, 0% used [0x00000000eb000000,0x00000000eb000000,0x00000000ed180000)
 ParOldGen       total 403456K, used 44684K [0x00000000a0000000, 0x00000000b8a00000, 0x00000000e0000000)
  object space 403456K, 11% used [0x00000000a0000000,0x00000000a2ba3168,0x00000000b8a00000)
 Metaspace       used 97961K, capacity 101644K, committed 103296K, reserved 1138688K
  class space    used 12376K, capacity 13072K, committed 13440K, reserved 1048576K
}
Event: 5606.963 GC heap before
{Heap before GC invocations=29 (full 4):
 PSYoungGen      total 214528K, used 201448K [0x00000000e0000000, 0x00000000ef900000, 0x0000000100000000)
  eden space 180224K, 100% used [0x00000000e0000000,0x00000000eb000000,0x00000000eb000000)
  from space 34304K, 61% used [0x00000000ed180000,0x00000000ee63a280,0x00000000ef300000)
  to   space 34304K, 0% used [0x00000000eb000000,0x00000000eb000000,0x00000000ed180000)
 ParOldGen       total 403456K, used 44684K [0x00000000a0000000, 0x00000000b8a00000, 0x00000000e0000000)
  object space 403456K, 11% used [0x00000000a0000000,0x00000000a2ba3168,0x00000000b8a00000)
 Metaspace       used 98030K, capacity 101720K, committed 103296K, reserved 1138688K
  class space    used 12380K, capacity 13074K, committed 13440K, reserved 1048576K
Event: 5606.978 GC heap after
Heap after GC invocations=29 (full 4):
 PSYoungGen      total 214528K, used 22515K [0x00000000e0000000, 0x00000000f0c00000, 0x0000000100000000)
  eden space 180224K, 0% used [0x00000000e0000000,0x00000000e0000000,0x00000000eb000000)
  from space 34304K, 65% used [0x00000000eb000000,0x00000000ec5fcf28,0x00000000ed180000)
  to   space 32256K, 0% used [0x00000000eec80000,0x00000000eec80000,0x00000000f0c00000)
 ParOldGen       total 403456K, used 44684K [0x00000000a0000000, 0x00000000b8a00000, 0x00000000e0000000)
  object space 403456K, 11% used [0x00000000a0000000,0x00000000a2ba3168,0x00000000b8a00000)
 Metaspace       used 98030K, capacity 101720K, committed 103296K, reserved 1138688K
  class space    used 12380K, capacity 13074K, committed 13440K, reserved 1048576K
}

